<?xml version="1.0" encoding="UTF-8"?>
<!-- Generated by org.testng.reporters.JUnitReportReporter -->
<testsuite hostname="AMX-RL-19-255-W" failures="0" tests="3" name="SeleniumPractice.Actionsclass" time="0.044" errors="0" timestamp="18 Jul 2020 16:46:07 GMT" skipped="2">
  <testcase classname="SeleniumPractice.Actionsclass" name="preceding" time="0.044"/>
  <testcase classname="SeleniumPractice.Actionsclass" name="ddclick">
    <skipped/>
  </testcase> <!-- ddclick -->
  <testcase classname="SeleniumPractice.Actionsclass" name="moveandclick">
    <skipped/>
  </testcase> <!-- moveandclick -->
</testsuite> <!-- SeleniumPractice.Actionsclass -->
